<?xml version="1.0" encoding="UTF-8"?>
<!-- Generated by org.testng.reporters.JUnitXMLReporter -->
<testsuite ignored="0" hostname="DESKTOP-RA7U0ME" failures="0" tests="3" name="Default test" time="0.132" errors="0" timestamp="2024-04-01T14:24:06 IST">
  <testcase classname="gitPract.PractPrioirity" name="c" time="0.018"/>
  <testcase classname="gitPract.PractPrioirity" name="B" time="0.005"/>
  <testcase classname="gitPract.PractPrioirity" name="A" time="0.01"/>
</testsuite> <!-- Default test -->
