<?xml version="1.0" encoding="UTF-8"?>
<!-- Generated by org.testng.reporters.JUnitXMLReporter -->
<testsuite ignored="0" hostname="DESKTOP-RA7U0ME" failures="0" tests="5" name="Test" time="0.191" errors="0" timestamp="2024-04-01T14:28:13 IST">
  <testcase classname="gitPract.PractPrioirity" name="c" time="0.019"/>
  <testcase classname="gitPract.PractPrioirity" name="B" time="0.004"/>
  <testcase classname="gitPract.PractPrioirity" name="A" time="0.005"/>
  <testcase classname="gitPract.PractBact" name="run" time="0.002"/>
  <testcase classname="gitPract.PractBact" name="run1" time="0.006"/>
</testsuite> <!-- Test -->
