<?xml version="1.0" encoding="UTF-8"?>
<testng-results ignored="0" total="4" passed="4" failed="0" skipped="0">
  <reporter-output>
    <line>
      <![CDATA[Executing chrome]]>
    </line>
    <line>
      <![CDATA[Executing firefox]]>
    </line>
    <line>
      <![CDATA[Executing firefox]]>
    </line>
    <line>
      <![CDATA[Executing chrome]]>
    </line>
  </reporter-output>
  <suite started-at="2024-04-01T15:31:26 IST" name="parallelExecution" finished-at="2024-04-01T15:31:26 IST" duration-ms="153">
    <groups>
    </groups>
    <test started-at="2024-04-01T15:31:26 IST" name="Test" finished-at="2024-04-01T15:31:26 IST" duration-ms="153">
      <class name="gitPract.PractPrioirity">
        <test-method signature="A()[pri:-1, instance:gitPract.PractPrioirity@38d8f54a]" started-at="2024-04-01T15:31:26 IST" name="A" finished-at="2024-04-01T15:31:26 IST" duration-ms="23" status="PASS">
          <reporter-output>
            <line>
              <![CDATA[Executing firefox]]>
            </line>
          </reporter-output>
        </test-method> <!-- A -->
        <test-method signature="B()[pri:0, instance:gitPract.PractPrioirity@38d8f54a]" started-at="2024-04-01T15:31:26 IST" name="B" finished-at="2024-04-01T15:31:26 IST" duration-ms="13" status="PASS">
          <reporter-output>
            <line>
              <![CDATA[Executing firefox]]>
            </line>
          </reporter-output>
        </test-method> <!-- B -->
      </class> <!-- gitPract.PractPrioirity -->
    </test> <!-- Test -->
    <test started-at="2024-04-01T15:31:26 IST" name="Test1" finished-at="2024-04-01T15:31:26 IST" duration-ms="143">
      <class name="gitPract.PractBact">
        <test-method signature="run()[pri:-2, instance:gitPract.PractBact@3b69e7d1]" started-at="2024-04-01T15:31:26 IST" name="run" finished-at="2024-04-01T15:31:26 IST" duration-ms="19" status="PASS">
          <reporter-output>
            <line>
              <![CDATA[Executing chrome]]>
            </line>
          </reporter-output>
        </test-method> <!-- run -->
        <test-method signature="run1()[pri:0, instance:gitPract.PractBact@3b69e7d1]" started-at="2024-04-01T15:31:26 IST" name="run1" finished-at="2024-04-01T15:31:26 IST" duration-ms="18" status="PASS">
          <reporter-output>
            <line>
              <![CDATA[Executing chrome]]>
            </line>
          </reporter-output>
        </test-method> <!-- run1 -->
      </class> <!-- gitPract.PractBact -->
    </test> <!-- Test1 -->
  </suite> <!-- parallelExecution -->
</testng-results>
